[2019-11-06 10:57:22] - 19-11-06_10-57_(segmentation_base) - start training cv
[2019-11-06 10:57:22] - 19-11-06_10-57_(segmentation_base) fold 0 - start training
[2019-11-06 11:08:10] - 19-11-06_10-57_(segmentation_base) fold 0 - end training - score 0.8866237212289237
[2019-11-06 11:08:10] - 19-11-06_10-57_(segmentation_base) fold 1 - start training
[2019-11-06 11:17:44] - 19-11-06_10-57_(segmentation_base) fold 1 - end training - score 0.885640910144332
[2019-11-06 11:17:44] - 19-11-06_10-57_(segmentation_base) fold 2 - start training
[2019-11-06 11:27:07] - 19-11-06_10-57_(segmentation_base) fold 2 - end training - score 0.8806889249002543
[2019-11-06 11:27:07] - 19-11-06_10-57_(segmentation_base) fold 3 - start training
[2019-11-06 11:36:56] - 19-11-06_10-57_(segmentation_base) fold 3 - end training - score 0.9043601410753447
[2019-11-06 11:36:58] - 19-11-06_10-57_(segmentation_base) - end training cv - score 0.8893284243372137
[2019-11-06 11:37:04] - 19-11-06_10-57_(segmentation_base) - start prediction cv
[2019-11-06 11:37:04] - 19-11-06_10-57_(segmentation_base) - start prediction fold:0
[2019-11-06 11:46:53] - 19-11-06_10-57_(segmentation_base) - end prediction fold:0
[2019-11-06 11:46:54] - 19-11-06_10-57_(segmentation_base) - start prediction fold:1
[2019-11-06 11:56:20] - 19-11-06_10-57_(segmentation_base) - end prediction fold:1
[2019-11-06 11:56:21] - 19-11-06_10-57_(segmentation_base) - start prediction fold:2
[2019-11-06 12:05:42] - 19-11-06_10-57_(segmentation_base) - end prediction fold:2
[2019-11-06 12:05:42] - 19-11-06_10-57_(segmentation_base) - start prediction fold:3
[2019-11-06 12:15:03] - 19-11-06_10-57_(segmentation_base) - end prediction fold:3
[2019-11-06 12:15:18] - 19-11-06_10-57_(segmentation_base) - end prediction cv
