[2019-11-06 22:35:33] - 19-11-06_22-35_(enth_and_seg) - start training cv
[2019-11-06 22:35:34] - 19-11-06_22-35_(enth_and_seg) fold 0 - start training
[2019-11-07 00:06:47] - 19-11-06_22-35_(enth_and_seg) fold 0 - end training - score 0.5695546896799922
[2019-11-07 00:06:54] - 19-11-06_22-35_(enth_and_seg) fold 1 - start training
[2019-11-07 01:37:16] - 19-11-06_22-35_(enth_and_seg) fold 1 - end training - score 0.576314514385463
[2019-11-07 01:37:22] - 19-11-06_22-35_(enth_and_seg) fold 2 - start training
[2019-11-07 03:07:00] - 19-11-06_22-35_(enth_and_seg) fold 2 - end training - score 0.5709630795575136
[2019-11-07 03:07:06] - 19-11-06_22-35_(enth_and_seg) fold 3 - start training
[2019-11-07 04:37:27] - 19-11-06_22-35_(enth_and_seg) fold 3 - end training - score 0.5740634665933624
[2019-11-07 04:37:35] - 19-11-06_22-35_(enth_and_seg) - end training cv - score 0.5727239375540828
[2019-11-07 04:37:43] - 19-11-06_22-35_(enth_and_seg) - start prediction cv
[2019-11-07 04:37:44] - 19-11-06_22-35_(enth_and_seg) - start prediction fold:0
[2019-11-07 08:28:01] - 19-11-06_22-35_(enth_and_seg) - end prediction fold:0
[2019-11-07 08:28:02] - 19-11-06_22-35_(enth_and_seg) - start prediction fold:1
[2019-11-07 12:21:19] - 19-11-06_22-35_(enth_and_seg) - end prediction fold:1
[2019-11-07 12:21:20] - 19-11-06_22-35_(enth_and_seg) - start prediction fold:2
[2019-11-07 16:17:23] - 19-11-06_22-35_(enth_and_seg) - end prediction fold:2
[2019-11-07 16:17:24] - 19-11-06_22-35_(enth_and_seg) - start prediction fold:3
[2019-11-07 20:12:08] - 19-11-06_22-35_(enth_and_seg) - end prediction fold:3
[2019-11-07 20:12:24] - 19-11-06_22-35_(enth_and_seg) - end prediction cv
