[2019-11-08 01:12:54] - 19-11-08_01-12_(new_base) - start training cv
[2019-11-08 01:12:54] - 19-11-08_01-12_(new_base) fold 0 - start training
[2019-11-08 01:20:02] - 19-11-08_01-12_(new_base) fold 0 - end training - score 0.8820215586743309
[2019-11-08 01:20:03] - 19-11-08_01-12_(new_base) fold 1 - start training
[2019-11-08 01:26:12] - 19-11-08_01-12_(new_base) fold 1 - end training - score 1.0277940361939983
[2019-11-08 01:26:13] - 19-11-08_01-12_(new_base) fold 2 - start training
[2019-11-08 01:30:24] - 19-11-08_01-12_(new_base) fold 2 - end training - score 1.0249778904194808
[2019-11-08 01:30:25] - 19-11-08_01-12_(new_base) fold 3 - start training
[2019-11-08 01:34:05] - 19-11-08_01-12_(new_base) fold 3 - end training - score 1.0274576045875687
[2019-11-08 01:34:08] - 19-11-08_01-12_(new_base) - end training cv - score 0.9905627724688446
[2019-11-08 01:34:15] - 19-11-08_01-12_(new_base) - start prediction cv
[2019-11-08 01:34:15] - 19-11-08_01-12_(new_base) - start prediction fold:0
[2019-11-08 01:35:42] - 19-11-08_01-12_(new_base) - end prediction fold:0
[2019-11-08 01:35:43] - 19-11-08_01-12_(new_base) - start prediction fold:1
[2019-11-08 01:36:50] - 19-11-08_01-12_(new_base) - end prediction fold:1
[2019-11-08 01:36:51] - 19-11-08_01-12_(new_base) - start prediction fold:2
[2019-11-08 01:37:59] - 19-11-08_01-12_(new_base) - end prediction fold:2
[2019-11-08 01:38:00] - 19-11-08_01-12_(new_base) - start prediction fold:3
[2019-11-08 01:39:08] - 19-11-08_01-12_(new_base) - end prediction fold:3
[2019-11-08 01:39:24] - 19-11-08_01-12_(new_base) - end prediction cv
